Total Duck Population: 3000
Vaccinated Chickens: 0
Vaccinated Ducks: 0
Asympotatic Infectious Period: 4.9
Simulation completed!
Total Duck Population: 3000
Vaccinated Chickens: 1500
Vaccinated Ducks: 0
Asympotatic Infectious Period: 4.9
Simulation completed!
Total Duck Population: 3000
Vaccinated Chickens: 2250
Vaccinated Ducks: 0
Asympotatic Infectious Period: 4.9
Simulation completed!
Total Duck Population: 3000
Vaccinated Chickens: 2700
Vaccinated Ducks: 0
Asympotatic Infectious Period: 4.9
Simulation completed!
Total Duck Population: 3000
Vaccinated Chickens: 0
Vaccinated Ducks: 0
Asympotatic Infectious Period: 7.0
Simulation completed!
Total Duck Population: 3000
Vaccinated Chickens: 1500
Vaccinated Ducks: 0
Asympotatic Infectious Period: 7.0
Simulation completed!
Total Duck Population: 3000
Vaccinated Chickens: 2250
Vaccinated Ducks: 0
Asympotatic Infectious Period: 7.0
Simulation completed!
Total Duck Population: 3000
Vaccinated Chickens: 2700
Vaccinated Ducks: 0
Asympotatic Infectious Period: 7.0
Simulation completed!
Total Duck Population: 3000
Vaccinated Chickens: 0
Vaccinated Ducks: 0
Asympotatic Infectious Period: 14.0
Simulation completed!
Total Duck Population: 3000
Vaccinated Chickens: 1500
Vaccinated Ducks: 0
Asympotatic Infectious Period: 14.0
Simulation completed!
Total Duck Population: 3000
Vaccinated Chickens: 2250
Vaccinated Ducks: 0
Asympotatic Infectious Period: 14.0
Simulation completed!
Total Duck Population: 3000
Vaccinated Chickens: 2700
Vaccinated Ducks: 0
Asympotatic Infectious Period: 14.0
Simulation completed!
Total Duck Population: 3000
Vaccinated Chickens: 0
Vaccinated Ducks: 0
Asympotatic Infectious Period: 20.0
Simulation completed!
Total Duck Population: 3000
Vaccinated Chickens: 1500
Vaccinated Ducks: 0
Asympotatic Infectious Period: 20.0
Simulation completed!
Total Duck Population: 3000
Vaccinated Chickens: 2250
Vaccinated Ducks: 0
Asympotatic Infectious Period: 20.0
Simulation completed!
Total Duck Population: 3000
Vaccinated Chickens: 2700
Vaccinated Ducks: 0
Asympotatic Infectious Period: 20.0
Simulation completed!
